Arguments: 
  C:\Program Files\nodejs\node.exe C:\Users\Surbhi Singh\AppData\Roaming\npm\node_modules\yarn\bin\yarn.js set version berry

PATH: 
  C:\Users\Surbhi Singh\bin;C:\Program Files\Git\mingw64\bin;C:\Program Files\Git\usr\local\bin;C:\Program Files\Git\usr\bin;C:\Program Files\Git\usr\bin;C:\Program Files\Git\mingw64\bin;C:\Program Files\Git\usr\bin;C:\Users\Surbhi Singh\bin;C:\WINDOWS\system32;C:\WINDOWS;C:\WINDOWS\System32\Wbem;C:\WINDOWS\System32\WindowsPowerShell\v1.0;C:\WINDOWS\System32\OpenSSH;C:\Program Files\Git\cmd;C:\Program Files\nodejs;C:\Users\Surbhi Singh\AppData\Local\Microsoft\WindowsApps;C:\Users\Surbhi Singh\AppData\Local\Programs\Microsoft VS Code\bin;C:\Users\Surbhi Singh\AppData\Roaming\npm;C:\Program Files\heroku\bin;C:\Program Files\MongoDB\Server\6.0\bin;C:\Program Files\MongoDB\mongosh-1.10.1-win32-x64\mongosh-1.10.1-win32-x64\bin;C:\Program Files\Git\usr\bin\vendor_perl;C:\Program Files\Git\usr\bin\core_perl

Yarn version: 
  1.22.19

Node version: 
  19.0.0

Platform: 
  win32 x64

Trace: 
  Error: connect ETIMEDOUT 2405:200:1607:2820:41::36:443
      at TCPConnectWrap.afterConnect [as oncomplete] (node:net:1284:16)

npm manifest: 
  {
    "name": "ejs-challenge",
    "version": "1.0.0",
    "description": "",
    "main": "app.js",
    "scripts": {
      "start": "node app.js",
      "test": "echo \"Error: no test specified\" && exit 1"
    },
    "author": "",
    "license": "ISC",
    "dependencies": {
      "body-parser": "^1.18.3",
      "ejs": "^2.6.1",
      "express": "^4.16.3",
      "lodash": "^4.17.21",
      "mongoose": "^7.3.2"
    }
  }

yarn manifest: 
  No manifest

Lockfile: 
  No lockfile
